#
# There is insufficient memory for the Java Runtime Environment to continue.
# Native memory allocation (mmap) failed to map 331350016 bytes for Failed to commit area from 0x00000006c4c00000 to 0x00000006d8800000 of length 331350016.
# Possible reasons:
#   The system is out of physical RAM or swap space
#   The process is running with CompressedOops enabled, and the Java Heap may be blocking the growth of the native heap
# Possible solutions:
#   Reduce memory load on the system
#   Increase physical memory or swap space
#   Check if swap backing store is full
#   Decrease Java heap size (-Xmx/-Xms)
#   Decrease number of Java threads
#   Decrease Java thread stack sizes (-Xss)
#   Set larger code cache with -XX:ReservedCodeCacheSize=
# This output file may be truncated or incomplete.
#
#  Out of Memory Error (./open/src/hotspot/os/windows/os_windows.cpp:3276), pid=22920, tid=1964
#
# JRE version:  (11.0.13+10) (build )
# Java VM: Java HotSpot(TM) 64-Bit Server VM (11.0.13+10-LTS-370, mixed mode, sharing, tiered, compressed oops, g1 gc, windows-amd64)
# No core dump will be written. Minidumps are not enabled by default on client versions of Windows
#

---------------  S U M M A R Y ------------

Command Line: C:\Users\Rodolfo\AppData\Local\Temp\surefire12495483272758451511\surefirebooter13075012163362981456.jar C:\Users\Rodolfo\AppData\Local\Temp\surefire12495483272758451511 2022-04-18T09-27-01_589-jvmRun1 surefire18200072479982507309tmp surefire_01608471231592434479tmp

Host: Intel(R) Core(TM) i5-7400 CPU @ 3.00GHz, 4 cores, 19G,  Windows 10 , 64 bit Build 19041 (10.0.19041.1645)
Time: Mon Apr 18 09:27:02 2022 Hora oficial do Brasil elapsed time: 0.024446 seconds (0d 0h 0m 0s)

---------------  T H R E A D  ---------------

Current thread (0x000001a032443000):  JavaThread "Unknown thread" [_thread_in_vm, id=1964, stack(0x000000834a900000,0x000000834aa00000)]

Stack: [0x000000834a900000,0x000000834aa00000]
Native frames: (J=compiled Java code, j=interpreted, Vv=VM code, C=native code)
V  [jvm.dll+0x62870a]
V  [jvm.dll+0x761f2f]
V  [jvm.dll+0x7635d9]
V  [jvm.dll+0x763c63]
V  [jvm.dll+0x23d728]
V  [jvm.dll+0x625aba]
V  [jvm.dll+0x61a855]
V  [jvm.dll+0x2f242c]
V  [jvm.dll+0x2f22b2]
V  [jvm.dll+0x2f6fd6]
V  [jvm.dll+0x3395ff]
V  [jvm.dll+0x339030]
V  [jvm.dll+0x2cfa38]
V  [jvm.dll+0x2d0ba6]
V  [jvm.dll+0x73c547]
V  [jvm.dll+0x73dddf]
V  [jvm.dll+0x346369]
V  [jvm.dll+0x721e60]
V  [jvm.dll+0x3b500f]
V  [jvm.dll+0x3b7121]
C  [jli.dll+0x5207]
C  [ucrtbase.dll+0x21bb2]
C  [KERNEL32.DLL+0x17034]
C  [ntdll.dll+0x52651]


---------------  P R O C E S S  ---------------

Threads class SMR info:
_java_thread_list=0x000001a030aae0b0, length=0, elements={
}

Java Threads: ( => current thread )

Other Threads:
  0x000001a032459800 GCTaskThread "GC Thread#0" [stack: 0x000000834aa00000,0x000000834ab00000] [id=12844]
  0x000001a0324ca000 ConcurrentGCThread "G1 Main Marker" [stack: 0x000000834ab00000,0x000000834ac00000] [id=23604]
  0x000001a0324cc000 ConcurrentGCThread "G1 Conc#0" [stack: 0x000000834ac00000,0x000000834ad00000] [id=22016]

[error occurred during error reporting (printing all threads), id 0xc0000005, EXCEPTION_ACCESS_VIOLATION (0xc0000005) at pc=0x00007ffdd425ecc7]

VM state:not at safepoint (not fully initialized)

VM Mutex/Monitor currently owned by a thread:  ([mutex/lock_event])
[0x000001a03243eb90] Heap_lock - owner thread: 0x000001a032443000

Heap address: 0x00000006c4c00000, size: 5044 MB, Compressed Oops mode: Non-zero based: 0x00000006c4c00000
Narrow klass base: 0x0000000000000000, Narrow klass shift: 0

GC Heap History (0 events):
No events

Deoptimization events (0 events):
No events

Classes redefined (0 events):
No events

Internal exceptions (0 events):
No events

Events (0 events):
No events


Dynamic libraries:
0x00007ff757260000 - 0x00007ff75726f000 	C:\jdk-11.0.13\bin\java.exe
0x00007ffe48cd0000 - 0x00007ffe48ec5000 	C:\Windows\SYSTEM32\ntdll.dll
0x00007ffe47740000 - 0x00007ffe477fe000 	C:\Windows\System32\KERNEL32.DLL
0x00007ffe466b0000 - 0x00007ffe46978000 	C:\Windows\System32\KERNELBASE.dll
0x00007ffe46b50000 - 0x00007ffe46c50000 	C:\Windows\System32\ucrtbase.dll
0x00007ffe3a460000 - 0x00007ffe3a478000 	C:\jdk-11.0.13\bin\jli.dll
0x00007ffe3a480000 - 0x00007ffe3a495000 	C:\jdk-11.0.13\bin\VCRUNTIME140.dll
0x00007ffe47a20000 - 0x00007ffe47ace000 	C:\Windows\System32\ADVAPI32.dll
0x00007ffe480d0000 - 0x00007ffe4816e000 	C:\Windows\System32\msvcrt.dll
0x00007ffe48170000 - 0x00007ffe4820c000 	C:\Windows\System32\sechost.dll
0x00007ffe47610000 - 0x00007ffe47735000 	C:\Windows\System32\RPCRT4.dll
0x00007ffe48210000 - 0x00007ffe483b0000 	C:\Windows\System32\USER32.dll
0x00007ffe46c50000 - 0x00007ffe46c72000 	C:\Windows\System32\win32u.dll
0x00007ffe48c00000 - 0x00007ffe48c2a000 	C:\Windows\System32\GDI32.dll
0x00007ffe1ce10000 - 0x00007ffe1d0aa000 	C:\Windows\WinSxS\amd64_microsoft.windows.common-controls_6595b64144ccf1df_6.0.19041.1110_none_60b5254171f9507e\COMCTL32.dll
0x00007ffe46a40000 - 0x00007ffe46b4b000 	C:\Windows\System32\gdi32full.dll
0x00007ffe46610000 - 0x00007ffe466ad000 	C:\Windows\System32\msvcp_win.dll
0x00007ffe40350000 - 0x00007ffe4035a000 	C:\Windows\SYSTEM32\VERSION.dll
0x00007ffe483b0000 - 0x00007ffe483e0000 	C:\Windows\System32\IMM32.DLL
0x00007ffe09ab0000 - 0x00007ffe09b4b000 	C:\jdk-11.0.13\bin\msvcp140.dll
0x00007ffdd3f80000 - 0x00007ffdd4a93000 	C:\jdk-11.0.13\bin\server\jvm.dll
0x00007ffe489e0000 - 0x00007ffe489e8000 	C:\Windows\System32\PSAPI.DLL
0x00007ffe41220000 - 0x00007ffe41229000 	C:\Windows\SYSTEM32\WSOCK32.dll
0x00007ffe479b0000 - 0x00007ffe47a1b000 	C:\Windows\System32\WS2_32.dll
0x00007ffe39290000 - 0x00007ffe392b7000 	C:\Windows\SYSTEM32\WINMM.dll
0x00007ffe44210000 - 0x00007ffe44222000 	C:\Windows\SYSTEM32\kernel.appcore.dll
0x00007ffe3a440000 - 0x00007ffe3a450000 	C:\jdk-11.0.13\bin\verify.dll
0x00007ffe3f0f0000 - 0x00007ffe3f2d4000 	C:\Windows\SYSTEM32\DBGHELP.DLL
0x00007ffe3e7a0000 - 0x00007ffe3e7cc000 	C:\Windows\SYSTEM32\dbgcore.DLL
0x00007ffe46980000 - 0x00007ffe46a02000 	C:\Windows\System32\bcryptPrimitives.dll
0x00007ffe37ca0000 - 0x00007ffe37cc8000 	C:\jdk-11.0.13\bin\java.dll
0x00007ffe3a280000 - 0x00007ffe3a28a000 	C:\jdk-11.0.13\bin\jimage.dll
0x00007ffe3a230000 - 0x00007ffe3a246000 	C:\jdk-11.0.13\bin\zip.dll

dbghelp: loaded successfully - version: 4.0.5 - missing functions: none
symbol engine: initialized successfully - sym options: 0x614 - pdb path: .;C:\jdk-11.0.13\bin;C:\Windows\SYSTEM32;C:\Windows\WinSxS\amd64_microsoft.windows.common-controls_6595b64144ccf1df_6.0.19041.1110_none_60b5254171f9507e;C:\jdk-11.0.13\bin\server

VM Arguments:
java_command: C:\Users\Rodolfo\AppData\Local\Temp\surefire12495483272758451511\surefirebooter13075012163362981456.jar C:\Users\Rodolfo\AppData\Local\Temp\surefire12495483272758451511 2022-04-18T09-27-01_589-jvmRun1 surefire18200072479982507309tmp surefire_01608471231592434479tmp
java_class_path (initial): C:\Users\Rodolfo\AppData\Local\Temp\surefire12495483272758451511\surefirebooter13075012163362981456.jar
Launcher Type: SUN_STANDARD

[Global flags]
     intx CICompilerCount                          = 3                                         {product} {ergonomic}
     uint ConcGCThreads                            = 1                                         {product} {ergonomic}
     uint G1ConcRefinementThreads                  = 4                                         {product} {ergonomic}
   size_t G1HeapRegionSize                         = 1048576                                   {product} {ergonomic}
    uintx GCDrainStackTargetSize                   = 64                                        {product} {ergonomic}
   size_t InitialHeapSize                          = 331350016                                 {product} {ergonomic}
   size_t MarkStackSize                            = 4194304                                   {product} {ergonomic}
   size_t MaxHeapSize                              = 5289017344                                {product} {ergonomic}
   size_t MinHeapDeltaBytes                        = 1048576                                   {product} {ergonomic}
    uintx NonNMethodCodeHeapSize                   = 5830732                                {pd product} {ergonomic}
    uintx NonProfiledCodeHeapSize                  = 122913754                              {pd product} {ergonomic}
    uintx ProfiledCodeHeapSize                     = 122913754                              {pd product} {ergonomic}
    uintx ReservedCodeCacheSize                    = 251658240                              {pd product} {ergonomic}
     bool SegmentedCodeCache                       = true                                      {product} {ergonomic}
     bool UseCompressedClassPointers               = true                                 {lp64_product} {ergonomic}
     bool UseCompressedOops                        = true                                 {lp64_product} {ergonomic}
     bool UseG1GC                                  = true                                      {product} {ergonomic}
     bool UseLargePagesIndividualAllocation        = false                                  {pd product} {ergonomic}

Logging:
Log output configuration:
 #0: stdout all=warning uptime,level,tags
 #1: stderr all=off uptime,level,tags

Environment Variables:
JAVA_HOME=C:\jdk-11.0.13
PATH=C:\Windows\system32;C:\Windows;C:\Windows\System32\Wbem;C:\Windows\System32\WindowsPowerShell\v1.0\;C:\Windows\System32\OpenSSH\;C:\Program Files\Docker\Docker\resources\bin;C:\ProgramData\DockerDesktop\version-bin;C:\jdk-11.0.13\bin;C:\apache-maven-3.8.4\bin;;C:\Program Files (x86)\NVIDIA Corporation\PhysX\Common;C:\Users\Rodolfo\AppData\Local\Microsoft\WindowsApps;;C:\Users\Rodolfo\AppData\Local\Programs\Microsoft VS Code\bin
USERNAME=Rodolfo
OS=Windows_NT
PROCESSOR_IDENTIFIER=Intel64 Family 6 Model 158 Stepping 9, GenuineIntel



---------------  S Y S T E M  ---------------

OS: Windows 10 , 64 bit Build 19041 (10.0.19041.1645)
Hyper-V role detected

CPU:total 4 (initial active 4) (4 cores per cpu, 1 threads per core) family 6 model 158 stepping 9 microcode 0xb4, cmov, cx8, fxsr, mmx, sse, sse2, sse3, ssse3, sse4.1, sse4.2, popcnt, avx, avx2, aes, clmul, erms, 3dnowpref, lzcnt, tsc, tscinvbit, bmi1, bmi2, adx, fma

Memory: 4k page, system-wide physical 20168M (5197M free)
TotalPageFile size 34406M (AvailPageFile size 25M)
current process WorkingSet (physical memory assigned to process): 9M, peak: 9M
current process commit charge ("private bytes"): 52M, peak: 368M

vm_info: Java HotSpot(TM) 64-Bit Server VM (11.0.13+10-LTS-370) for windows-amd64 JRE (11.0.13+10-LTS-370), built on Sep 15 2021 22:10:36 by "mach5one" with MS VC++ 15.9 (VS2017)

END.
